Unity Editor version:    6000.0.62f1 (f99f05b3e950)
Branch:                  6000.0/staging
Build type:              Release
Batch mode:              YES
macOS version:           Version 13.7.4 (Build 22H420)
Darwin version:          22.6.0
Architecture:            x86_64
Running under Rosetta:   NO
Available memory:        16384 MB
[Licensing::Module] Trying to connect to existing licensing client channel...
[Licensing::IpcConnector] Successfully connected to: "LicenseClient-theacarlqvist" at "2025-12-11T17:51:26.464146Z"

COMMAND LINE ARGUMENTS:
/Applications/Unity/Hub/Editor/6000.0.62f1/Unity.app/Contents/MacOS/Unity
-adb2
-batchMode
-noUpm
-name
AssetImportWorker0
-projectPath
/Users/theacarlqvist/Documents/code/git-connected-projects/romspelet/SPQR/SPQR
-logFile
Logs/AssetImportWorker0.log
-srvPort
52233
-licensingIpc
LicenseClient-theacarlqvist
-job-worker-count
3
-background-job-worker-count
8
-gc-helper-count
1
-name AssetImport
Successfully changed project path to: /Users/theacarlqvist/Documents/code/git-connected-projects/romspelet/SPQR/SPQR
/Users/theacarlqvist/Documents/code/git-connected-projects/romspelet/SPQR/SPQR
[UnityMemory] Configuration Parameters - Can be set up in boot.config
    "memorysetup-bucket-allocator-granularity=16"
    "memorysetup-bucket-allocator-bucket-count=8"
    "memorysetup-bucket-allocator-block-size=33554432"
    "memorysetup-bucket-allocator-block-count=8"
    "memorysetup-main-allocator-block-size=16777216"
    "memorysetup-thread-allocator-block-size=16777216"
    "memorysetup-gfx-main-allocator-block-size=16777216"
    "memorysetup-gfx-thread-allocator-block-size=16777216"
    "memorysetup-cache-allocator-block-size=4194304"
    "memorysetup-typetree-allocator-block-size=2097152"
    "memorysetup-profiler-bucket-allocator-granularity=16"
    "memorysetup-profiler-bucket-allocator-bucket-count=8"
    "memorysetup-profiler-bucket-allocator-block-size=33554432"
    "memorysetup-profiler-bucket-allocator-block-count=8"
    "memorysetup-profiler-allocator-block-size=16777216"
    "memorysetup-profiler-editor-allocator-block-size=1048576"
    "memorysetup-temp-allocator-size-main=16777216"
    "memorysetup-job-temp-allocator-block-size=2097152"
    "memorysetup-job-temp-allocator-block-size-background=1048576"
    "memorysetup-job-temp-allocator-reduction-small-platforms=262144"
    "memorysetup-allocator-temp-initial-block-size-main=262144"
    "memorysetup-allocator-temp-initial-block-size-worker=262144"
    "memorysetup-temp-allocator-size-background-worker=32768"
    "memorysetup-temp-allocator-size-job-worker=262144"
    "memorysetup-temp-allocator-size-preload-manager=33554432"
    "memorysetup-temp-allocator-size-nav-mesh-worker=65536"
    "memorysetup-temp-allocator-size-audio-worker=65536"
    "memorysetup-temp-allocator-size-cloud-worker=32768"
    "memorysetup-temp-allocator-size-gi-baking-worker=262144"
    "memorysetup-temp-allocator-size-gi-baking-worker=262144"
    "memorysetup-temp-allocator-size-gi-baking-worker=262144"
    "memorysetup-temp-allocator-size-gi-baking-worker=262144"
    "memorysetup-temp-allocator-size-gi-baking-worker=262144"
    "memorysetup-temp-allocator-size-gfx=262144"
Player connection [140704694696384]  Target information:

Player connection [140704694696384]  * "[IP] 192.168.0.11 [Port] 0 [Flags] 2 [Guid] 3912317451 [EditorId] 3912317451 [Version] 1048832 [Id] OSXEditor(0,Theas-MacBook-Pro.local) [Debug] 1 [PackageName] OSXEditor [ProjectName] Editor" 

Player connection [140704694696384] Host joined multi-casting on [225.0.0.222:54997]...
Player connection [140704694696384] Host joined alternative multi-casting on [225.0.0.222:34997]...
JobSystem: Creating JobQueue using job-worker-count value 3
Input System module state changed to: Initialized.
[Physics::Module] Initialized fallback backend.
[Physics::Module] Id: 0xdecafbad
Library Redirect Path: Library/
[Physics::Module] Selected backend.
[Physics::Module] Name: PhysX
[Physics::Module] Id: 0xf2b8ea05
[Physics::Module] SDK Version: 4.1.2
[Physics::Module] Integration Version: 1.0.0
[Physics::Module] Threading Mode: Multi-Threaded
Refreshing native plugins compatible for Editor in 3.01 ms, found 1 plugins.
Preloading 0 native plugins for Editor in 0.00 ms.
Initialize engine version: 6000.0.62f1 (f99f05b3e950)
[Subsystems] Discovering subsystems at path /Applications/Unity/Hub/Editor/6000.0.62f1/Unity.app/Contents/Resources/UnitySubsystems
[Subsystems] Discovering subsystems at path /Users/theacarlqvist/Documents/code/git-connected-projects/romspelet/SPQR/SPQR/Assets
GfxDevice: creating device client; kGfxThreadingModeNonThreaded
VA279HG preferred device: Intel(R) Iris(TM) Plus Graphics 655 (low power)
Metal devices available: 1
0: Intel(R) Iris(TM) Plus Graphics 655 (low power)
Using device Intel(R) Iris(TM) Plus Graphics 655 (low power)
Initializing Metal device caps: Intel(R) Iris(TM) Plus Graphics 655
Initialize mono
Mono path[0] = '/Applications/Unity/Hub/Editor/6000.0.62f1/Unity.app/Contents/Managed'
Mono path[1] = '/Applications/Unity/Hub/Editor/6000.0.62f1/Unity.app/Contents/MonoBleedingEdge/lib/mono/unityjit-macos'
Mono config path = '/Applications/Unity/Hub/Editor/6000.0.62f1/Unity.app/Contents/MonoBleedingEdge/etc'
Using monoOptions --debugger-agent=transport=dt_socket,embedding=1,server=y,suspend=n,address=127.0.0.1:56286
Begin MonoManager ReloadAssembly
[Licensing::Client] Error: HandshakeResponse reported an error:
	ResponseCode: 505
	ResponseStatus: Unsupported protocol version '1.17.2'.
[Licensing::Module] Error: Failed to handshake to channel: "LicenseClient-theacarlqvist"
[Licensing::IpcConnector] LicenseClient-theacarlqvist channel disconnected successfully.
[Licensing::IpcConnector] Successfully connected to: "LicenseClient-theacarlqvist-6000.0.62" at "2025-12-11T17:51:28.187061Z"
Registering precompiled unity dll's ...
Register platform support module: /Applications/Unity/Hub/Editor/6000.0.62f1/PlaybackEngines/WebGLSupport/UnityEditor.WebGL.Extensions.dll
Register platform support module: /Applications/Unity/Hub/Editor/6000.0.62f1/Unity.app/Contents/PlaybackEngines/MacStandaloneSupport/UnityEditor.OSXStandalone.Extensions.dll
Registered in 0.005279 seconds.
[Licensing::Client] Code 1 while verifying Licensing Client signature (process Id: 9221, path: "/Applications/Unity/Hub/Editor/6000.0.62f1/Unity.app/Contents/Frameworks/UnityLicensingClient.app/Contents/MacOS/Unity.Licensing.Client")
[Licensing::Module] LicensingClient has failed validation; ignoring
[Licensing::Client] Handshaking with LicensingClient:
  Version:                 1.17.2+ff71f16
  Session Id:              d6a8abbe42764fc59e70a2dac5a40f80
  Correlation Id:          05c02fb034ab2688d1a995664a628bdd
  External correlation Id: 4977548503808497634
  Machine Id:              VkZXSeTQ9E+ziEJy2AIm3oNeUqU=
[Licensing::Module] Successfully connected to LicensingClient on channel: "LicenseClient-theacarlqvist-6000.0.62" (connect: 0.00s, validation: 0.00s, handshake: 0.02s)
[Licensing::IpcConnector] Successfully connected to: "LicenseClient-theacarlqvist-6000.0.62-notifications" at "2025-12-11T17:51:28.212869Z"
[Licensing::Module] Licensing Background thread has ended after 1.75s
- Loaded All Assemblies, in  0.973 seconds
Native extension for OSXStandalone target not found
Native extension for WebGL target not found
Mono: successfully reloaded assembly
- Finished resetting the current domain, in  0.742 seconds
Domain Reload Profiling: 1715ms
	BeginReloadAssembly (412ms)
		ExecutionOrderSort (0ms)
		DisableScriptedObjects (0ms)
		BackupInstance (0ms)
		ReleaseScriptingObjects (0ms)
		CreateAndSetChildDomain (1ms)
	RebuildCommonClasses (95ms)
	RebuildNativeTypeToScriptingClass (29ms)
	initialDomainReloadingComplete (101ms)
	LoadAllAssembliesAndSetupDomain (335ms)
		LoadAssemblies (413ms)
		RebuildTransferFunctionScriptingTraits (0ms)
		AnalyzeDomain (328ms)
			TypeCache.Refresh (324ms)
				TypeCache.ScanAssembly (300ms)
			BuildScriptInfoCaches (0ms)
			ResolveRequiredComponents (1ms)
	FinalizeReload (743ms)
		ReleaseScriptCaches (0ms)
		RebuildScriptCaches (0ms)
		SetupLoadedEditorAssemblies (661ms)
			LogAssemblyErrors (0ms)
			InitializePlatformSupportModulesInManaged (95ms)
			SetLoadedEditorAssemblies (8ms)
			BeforeProcessingInitializeOnLoad (165ms)
			ProcessInitializeOnLoadAttributes (292ms)
			ProcessInitializeOnLoadMethodAttributes (101ms)
			AfterProcessingInitializeOnLoad (0ms)
			EditorAssembliesLoaded (0ms)
		ExecutionOrderSort2 (0ms)
		AwakeInstancesAfterBackupRestoration (0ms)
[CoreBusinessMetrics] Unexpected thread when updating session info.
========================================================================
Worker process is ready to serve import requests
Import Worker Mode flag is 0x00
Begin MonoManager ReloadAssembly
[Licensing::Client] Successfully resolved entitlement details
[Licensing::Module] License group:
  Id: F4-QXXA-XZQY-R9U6-A99V-XXXX
  Product: Unity Personal
  Type: ULF
  Expiration: Unlimited
- Loaded All Assemblies, in  1.171 seconds
Refreshing native plugins compatible for Editor in 0.51 ms, found 1 plugins.
Native extension for OSXStandalone target not found
Native extension for WebGL target not found
Package Manager log level set to [2]
[Package Manager] Failed to launch server process. Reason: Unity was launched with the -noUpm command-line argument
[Package Manager] Unable to send message (not connected to server process).
[Package Manager] Cannot connect to Unity Package Manager local server
Mono: successfully reloaded assembly
- Finished resetting the current domain, in  0.893 seconds
Domain Reload Profiling: 2064ms
	BeginReloadAssembly (269ms)
		ExecutionOrderSort (0ms)
		DisableScriptedObjects (11ms)
		BackupInstance (0ms)
		ReleaseScriptingObjects (0ms)
		CreateAndSetChildDomain (67ms)
	RebuildCommonClasses (71ms)
	RebuildNativeTypeToScriptingClass (23ms)
	initialDomainReloadingComplete (56ms)
	LoadAllAssembliesAndSetupDomain (751ms)
		LoadAssemblies (551ms)
		RebuildTransferFunctionScriptingTraits (0ms)
		AnalyzeDomain (320ms)
			TypeCache.Refresh (264ms)
				TypeCache.ScanAssembly (240ms)
			BuildScriptInfoCaches (42ms)
			ResolveRequiredComponents (7ms)
	FinalizeReload (894ms)
		ReleaseScriptCaches (0ms)
		RebuildScriptCaches (0ms)
		SetupLoadedEditorAssemblies (719ms)
			LogAssemblyErrors (0ms)
			InitializePlatformSupportModulesInManaged (5ms)
			SetLoadedEditorAssemblies (6ms)
			BeforeProcessingInitializeOnLoad (149ms)
			ProcessInitializeOnLoadAttributes (523ms)
			ProcessInitializeOnLoadMethodAttributes (34ms)
			AfterProcessingInitializeOnLoad (2ms)
			EditorAssembliesLoaded (0ms)
		ExecutionOrderSort2 (0ms)
		AwakeInstancesAfterBackupRestoration (5ms)
Launching external process: /Applications/Unity/Hub/Editor/6000.0.62f1/Unity.app/Contents/Tools/UnityShaderCompiler
Launched and connected shader compiler UnityShaderCompiler after 0.10 seconds
Refreshing native plugins compatible for Editor in 0.60 ms, found 1 plugins.
Preloading 0 native plugins for Editor in 0.00 ms.
Unloading 0 Unused Serialized files (Serialized files now loaded: 0)
Unloading 3847 unused Assets / (0.9 MB). Loaded Objects now: 4335.
Memory consumption went from 77.5 MB to 76.6 MB.
Total: 9.080153 ms (FindLiveObjects: 0.817113 ms CreateObjectMapping: 0.461369 ms MarkObjects: 6.636433 ms  DeleteObjects: 1.163807 ms)

========================================================================
Received Import Request.
  Time since last request: 26958.557663 seconds.
  path: Assets/Prefabs/Downloaded
  artifactKey: Guid(c12e82e5e491041baa586b4d30b78d05) Importer(815301076,1909f56bfc062723c751e8b465ee728b)
Start importing Assets/Prefabs/Downloaded using Guid(c12e82e5e491041baa586b4d30b78d05) Importer(815301076,1909f56bfc062723c751e8b465ee728b) (PreviewImporter) -> (artifact id: '48ef74967d9341fe395a20636dc19dc4') in 0.005649987 seconds
Number of updated asset objects reloaded before import = 0Number of asset objects unloaded after import = 0

========================================================================
Received Import Request.
  Time since last request: 215.421945 seconds.
  path: Assets/Prefabs/Downloaded/Coliseum.fbx
  artifactKey: Guid(e20ad10e6451346128ae98c72c9421b2) Importer(815301076,1909f56bfc062723c751e8b465ee728b)
Start importing Assets/Prefabs/Downloaded/Coliseum.fbx using Guid(e20ad10e6451346128ae98c72c9421b2) Importer(815301076,1909f56bfc062723c751e8b465ee728b) (PreviewImporter) -> (artifact id: 'fffc59388bc1b8fdb0dbe1bad1b0e5db') in 0.263392259 seconds
Number of updated asset objects reloaded before import = 0Number of asset objects unloaded after import = 8

========================================================================
Received Import Request.
  Time since last request: 0.000113 seconds.
  path: Assets/Prefabs/Downloaded/Wheat.fbx
  artifactKey: Guid(6918945af31234fe8bb69b02790f1860) Importer(815301076,1909f56bfc062723c751e8b465ee728b)
Start importing Assets/Prefabs/Downloaded/Wheat.fbx using Guid(6918945af31234fe8bb69b02790f1860) Importer(815301076,1909f56bfc062723c751e8b465ee728b) (PreviewImporter) -> (artifact id: '07025105deca7fcc27251605e3097bac') in 0.019110793 seconds
Number of updated asset objects reloaded before import = 0Number of asset objects unloaded after import = 8

========================================================================
Received Import Request.
  Time since last request: 4.502817 seconds.
  path: Assets/Prefabs/Downloaded/dice set
  artifactKey: Guid(a8679fc9228dd4f068b510c11c2ba6a5) Importer(815301076,1909f56bfc062723c751e8b465ee728b)
Start importing Assets/Prefabs/Downloaded/dice set using Guid(a8679fc9228dd4f068b510c11c2ba6a5) Importer(815301076,1909f56bfc062723c751e8b465ee728b) (PreviewImporter) -> (artifact id: '60ca3d70c4866249913472628f152066') in 0.000902359 seconds
Number of updated asset objects reloaded before import = 0Number of asset objects unloaded after import = 0

========================================================================
Received Import Request.
  Time since last request: 0.073722 seconds.
  path: Assets/Prefabs/Downloaded/dice set/02_-_Default_baseColor.png
  artifactKey: Guid(1ce4b3d67e9d74c0fb1d0fd6cc028da4) Importer(815301076,1909f56bfc062723c751e8b465ee728b)
Start importing Assets/Prefabs/Downloaded/dice set/02_-_Default_baseColor.png using Guid(1ce4b3d67e9d74c0fb1d0fd6cc028da4) Importer(815301076,1909f56bfc062723c751e8b465ee728b) (PreviewImporter) -> (artifact id: 'a107550d450d9e703f6e0a7f9d363c1c') in 0.025408664 seconds
Number of updated asset objects reloaded before import = 0Number of asset objects unloaded after import = 2

========================================================================
Received Import Request.
  Time since last request: 535.649420 seconds.
  path: Assets/Prefabs/Downloaded/Wheat.prefab
  artifactKey: Guid(b8dbc7215ee7541dcacc32754c02d55c) Importer(815301076,1909f56bfc062723c751e8b465ee728b)
Start importing Assets/Prefabs/Downloaded/Wheat.prefab using Guid(b8dbc7215ee7541dcacc32754c02d55c) Importer(815301076,1909f56bfc062723c751e8b465ee728b) (PreviewImporter) -> (artifact id: 'cdec6915d30bc5a8d59cf34ae390ed21') in 0.007429723 seconds
Number of updated asset objects reloaded before import = 0Number of asset objects unloaded after import = 13

========================================================================
Received Import Request.
  Time since last request: 124.543780 seconds.
  path: Assets/Prefabs/Downloaded/Bird/Bird_01(1).obj
  artifactKey: Guid(2221383f856cc480c8408083d197267c) Importer(815301076,1909f56bfc062723c751e8b465ee728b)
Start importing Assets/Prefabs/Downloaded/Bird/Bird_01(1).obj using Guid(2221383f856cc480c8408083d197267c) Importer(815301076,1909f56bfc062723c751e8b465ee728b) (PreviewImporter) -> (artifact id: '479080d96008ae2eff9af01082ff6387') in 0.02380469 seconds
Number of updated asset objects reloaded before import = 0Number of asset objects unloaded after import = 10

========================================================================
Received Import Request.
  Time since last request: 0.000225 seconds.
  path: Assets/Prefabs/Downloaded/roman legionnaire grunt/model.obj
  artifactKey: Guid(fe2b09c73185442258167c134fdd7039) Importer(815301076,1909f56bfc062723c751e8b465ee728b)
Start importing Assets/Prefabs/Downloaded/roman legionnaire grunt/model.obj using Guid(fe2b09c73185442258167c134fdd7039) Importer(815301076,1909f56bfc062723c751e8b465ee728b) (PreviewImporter) -> (artifact id: '1ccb13f8f32c2754f0778ad55f19bf3e') in 0.119227155 seconds
Number of updated asset objects reloaded before import = 0Number of asset objects unloaded after import = 22

========================================================================
Received Import Request.
  Time since last request: 2.419082 seconds.
  path: Assets/Prefabs/Downloaded/Roman Arch/roman arch.blend
  artifactKey: Guid(84b36cc2eba8f40a9a20ed9a7399aa7c) Importer(815301076,1909f56bfc062723c751e8b465ee728b)
Start importing Assets/Prefabs/Downloaded/Roman Arch/roman arch.blend using Guid(84b36cc2eba8f40a9a20ed9a7399aa7c) Importer(815301076,1909f56bfc062723c751e8b465ee728b) (PreviewImporter) -> (artifact id: '3a93c0e95d2e0ab293aaa84df337c512') in 0.02511579 seconds
Number of updated asset objects reloaded before import = 0Number of asset objects unloaded after import = 19

========================================================================
Received Import Request.
  Time since last request: 318.468740 seconds.
  path: Assets/Prefabs/Downloaded/Gold Bar
  artifactKey: Guid(937d7be8805d145c3a60b6f7dde2fb18) Importer(815301076,1909f56bfc062723c751e8b465ee728b)
Start importing Assets/Prefabs/Downloaded/Gold Bar using Guid(937d7be8805d145c3a60b6f7dde2fb18) Importer(815301076,1909f56bfc062723c751e8b465ee728b) (PreviewImporter) -> (artifact id: '0fefd1e688977e29385ef8dd793233c3') in 0.00086065 seconds
Number of updated asset objects reloaded before import = 0Number of asset objects unloaded after import = 0

========================================================================
Received Import Request.
  Time since last request: 7.308490 seconds.
  path: Assets/Prefabs/Downloaded/Gold Bar/GoldBar.mtl
  artifactKey: Guid(b7a4acebd6e514f3aa64511fde394bb2) Importer(815301076,1909f56bfc062723c751e8b465ee728b)
Start importing Assets/Prefabs/Downloaded/Gold Bar/GoldBar.mtl using Guid(b7a4acebd6e514f3aa64511fde394bb2) Importer(815301076,1909f56bfc062723c751e8b465ee728b) (PreviewImporter) -> (artifact id: '064be688efdead9c0c47e61c5ddf1690') in 0.001183233 seconds
Number of updated asset objects reloaded before import = 0Number of asset objects unloaded after import = 1

========================================================================
Received Import Request.
  Time since last request: 79.181082 seconds.
  path: Assets/Prefabs/pyramid1.prefab
  artifactKey: Guid(2943bbb7473fb4d5cbed5d2831dcd6d1) Importer(815301076,1909f56bfc062723c751e8b465ee728b)
Start importing Assets/Prefabs/pyramid1.prefab using Guid(2943bbb7473fb4d5cbed5d2831dcd6d1) Importer(815301076,1909f56bfc062723c751e8b465ee728b) (PreviewImporter) -> (artifact id: '7eb594cff55b80ce932413298972f1a8') in 0.009915671 seconds
Number of updated asset objects reloaded before import = 0Number of asset objects unloaded after import = 10

========================================================================
Received Import Request.
  Time since last request: 10.558863 seconds.
  path: Assets/Prefabs/pyramid1.prefab
  artifactKey: Guid(2943bbb7473fb4d5cbed5d2831dcd6d1) Importer(815301076,1909f56bfc062723c751e8b465ee728b)
Start importing Assets/Prefabs/pyramid1.prefab using Guid(2943bbb7473fb4d5cbed5d2831dcd6d1) Importer(815301076,1909f56bfc062723c751e8b465ee728b) (PreviewImporter) -> (artifact id: 'd6381528fbc8426a2127dece08310ce9') in 0.002691099 seconds
Number of updated asset objects reloaded before import = 0Number of asset objects unloaded after import = 8

========================================================================
Received Import Request.
  Time since last request: 121.958348 seconds.
  path: Assets/Prefabs/mountain.fbx
  artifactKey: Guid(333dde332941e4e7fb60aec00c99b2b9) Importer(815301076,1909f56bfc062723c751e8b465ee728b)
Start importing Assets/Prefabs/mountain.fbx using Guid(333dde332941e4e7fb60aec00c99b2b9) Importer(815301076,1909f56bfc062723c751e8b465ee728b) (PreviewImporter) -> (artifact id: 'af8465a74dd382eb16d9e80dbedf3c2a') in 0.041797684 seconds
Number of updated asset objects reloaded before import = 0Number of asset objects unloaded after import = 9

========================================================================
Received Import Request.
  Time since last request: 327.081021 seconds.
  path: Assets/Prefabs/mountain.prefab
  artifactKey: Guid(0eb7cae5e858c47b78d962f82b12e754) Importer(815301076,1909f56bfc062723c751e8b465ee728b)
Start importing Assets/Prefabs/mountain.prefab using Guid(0eb7cae5e858c47b78d962f82b12e754) Importer(815301076,1909f56bfc062723c751e8b465ee728b) (PreviewImporter) -> (artifact id: '282a5be824165f1da1fe6ff94dad366c') in 0.008316203 seconds
Number of updated asset objects reloaded before import = 0Number of asset objects unloaded after import = 14

========================================================================
Received Import Request.
  Time since last request: 35.076280 seconds.
  path: Assets/Prefabs/mountain.prefab
  artifactKey: Guid(0eb7cae5e858c47b78d962f82b12e754) Importer(815301076,1909f56bfc062723c751e8b465ee728b)
Start importing Assets/Prefabs/mountain.prefab using Guid(0eb7cae5e858c47b78d962f82b12e754) Importer(815301076,1909f56bfc062723c751e8b465ee728b) (PreviewImporter) -> (artifact id: '2bc7015ca99443143e2d380ae17bd437') in 0.014098852 seconds
Number of updated asset objects reloaded before import = 0Number of asset objects unloaded after import = 27

========================================================================
Received Import Request.
  Time since last request: 7.884607 seconds.
  path: Assets/Prefabs/mountain.prefab
  artifactKey: Guid(0eb7cae5e858c47b78d962f82b12e754) Importer(815301076,1909f56bfc062723c751e8b465ee728b)
Start importing Assets/Prefabs/mountain.prefab using Guid(0eb7cae5e858c47b78d962f82b12e754) Importer(815301076,1909f56bfc062723c751e8b465ee728b) (PreviewImporter) -> (artifact id: 'c9618d4f08352db37450de76130574b3') in 0.02470451 seconds
Number of updated asset objects reloaded before import = 0Number of asset objects unloaded after import = 27

========================================================================
Received Import Request.
  Time since last request: 4.442010 seconds.
  path: Assets/Prefabs/mountain.prefab
  artifactKey: Guid(0eb7cae5e858c47b78d962f82b12e754) Importer(815301076,1909f56bfc062723c751e8b465ee728b)
Start importing Assets/Prefabs/mountain.prefab using Guid(0eb7cae5e858c47b78d962f82b12e754) Importer(815301076,1909f56bfc062723c751e8b465ee728b) (PreviewImporter) -> (artifact id: '04056f2d3558cb63a1b0183715f17840') in 0.010838221 seconds
Number of updated asset objects reloaded before import = 0Number of asset objects unloaded after import = 27

========================================================================
Received Import Request.
  Time since last request: 4.849406 seconds.
  path: Assets/Prefabs/mountain.prefab
  artifactKey: Guid(0eb7cae5e858c47b78d962f82b12e754) Importer(815301076,1909f56bfc062723c751e8b465ee728b)
Start importing Assets/Prefabs/mountain.prefab using Guid(0eb7cae5e858c47b78d962f82b12e754) Importer(815301076,1909f56bfc062723c751e8b465ee728b) (PreviewImporter) -> (artifact id: '4c4405c025c58dcd53012992dd16dc96') in 0.024786536 seconds
Number of updated asset objects reloaded before import = 0Number of asset objects unloaded after import = 27

========================================================================
Received Import Request.
  Time since last request: 3.404735 seconds.
  path: Assets/Prefabs/mountain.prefab
  artifactKey: Guid(0eb7cae5e858c47b78d962f82b12e754) Importer(815301076,1909f56bfc062723c751e8b465ee728b)
Start importing Assets/Prefabs/mountain.prefab using Guid(0eb7cae5e858c47b78d962f82b12e754) Importer(815301076,1909f56bfc062723c751e8b465ee728b) (PreviewImporter) -> (artifact id: '0d4d36323eb3d53f8c87d84fc98003a7') in 0.024363067 seconds
Number of updated asset objects reloaded before import = 0Number of asset objects unloaded after import = 27

========================================================================
Received Import Request.
  Time since last request: 3.012534 seconds.
  path: Assets/Prefabs/mountain.prefab
  artifactKey: Guid(0eb7cae5e858c47b78d962f82b12e754) Importer(815301076,1909f56bfc062723c751e8b465ee728b)
Start importing Assets/Prefabs/mountain.prefab using Guid(0eb7cae5e858c47b78d962f82b12e754) Importer(815301076,1909f56bfc062723c751e8b465ee728b) (PreviewImporter) -> (artifact id: '3a1a67447e7973a4a8189bca69675492') in 0.026453327 seconds
Number of updated asset objects reloaded before import = 0Number of asset objects unloaded after import = 27

========================================================================
Received Import Request.
  Time since last request: 24.763244 seconds.
  path: Assets/Prefabs/mountain.prefab
  artifactKey: Guid(0eb7cae5e858c47b78d962f82b12e754) Importer(815301076,1909f56bfc062723c751e8b465ee728b)
Start importing Assets/Prefabs/mountain.prefab using Guid(0eb7cae5e858c47b78d962f82b12e754) Importer(815301076,1909f56bfc062723c751e8b465ee728b) (PreviewImporter) -> (artifact id: '57c7821945b5ea42bf8dcd0e54e8b95d') in 0.028324397 seconds
Number of updated asset objects reloaded before import = 0Number of asset objects unloaded after import = 33

========================================================================
Received Import Request.
  Time since last request: 5.038255 seconds.
  path: Assets/Prefabs/mountain.prefab
  artifactKey: Guid(0eb7cae5e858c47b78d962f82b12e754) Importer(815301076,1909f56bfc062723c751e8b465ee728b)
Start importing Assets/Prefabs/mountain.prefab using Guid(0eb7cae5e858c47b78d962f82b12e754) Importer(815301076,1909f56bfc062723c751e8b465ee728b) (PreviewImporter) -> (artifact id: '6484c48c165935db681fc58a4740379f') in 0.024241778 seconds
Number of updated asset objects reloaded before import = 0Number of asset objects unloaded after import = 33

========================================================================
Received Import Request.
  Time since last request: 1.797905 seconds.
  path: Assets/Prefabs/mountain.prefab
  artifactKey: Guid(0eb7cae5e858c47b78d962f82b12e754) Importer(815301076,1909f56bfc062723c751e8b465ee728b)
Start importing Assets/Prefabs/mountain.prefab using Guid(0eb7cae5e858c47b78d962f82b12e754) Importer(815301076,1909f56bfc062723c751e8b465ee728b) (PreviewImporter) -> (artifact id: 'b440bdb668e7f4590915aedb01c91011') in 0.027961021 seconds
Number of updated asset objects reloaded before import = 0Number of asset objects unloaded after import = 33

========================================================================
Received Import Request.
  Time since last request: 2.402275 seconds.
  path: Assets/Prefabs/mountain.prefab
  artifactKey: Guid(0eb7cae5e858c47b78d962f82b12e754) Importer(815301076,1909f56bfc062723c751e8b465ee728b)
Start importing Assets/Prefabs/mountain.prefab using Guid(0eb7cae5e858c47b78d962f82b12e754) Importer(815301076,1909f56bfc062723c751e8b465ee728b) (PreviewImporter) -> (artifact id: '61ccb56251e3cd32cb082fb7211dbd38') in 0.029558886 seconds
Number of updated asset objects reloaded before import = 0Number of asset objects unloaded after import = 33

========================================================================
Received Import Request.
  Time since last request: 5.052829 seconds.
  path: Assets/Prefabs/mountain.prefab
  artifactKey: Guid(0eb7cae5e858c47b78d962f82b12e754) Importer(815301076,1909f56bfc062723c751e8b465ee728b)
Start importing Assets/Prefabs/mountain.prefab using Guid(0eb7cae5e858c47b78d962f82b12e754) Importer(815301076,1909f56bfc062723c751e8b465ee728b) (PreviewImporter) -> (artifact id: 'dbdf4fd8a42cd3eb5b6b5eab00d3e8de') in 0.017419856 seconds
Number of updated asset objects reloaded before import = 0Number of asset objects unloaded after import = 33

========================================================================
Received Import Request.
  Time since last request: 10.372927 seconds.
  path: Assets/Prefabs/mountain.prefab
  artifactKey: Guid(0eb7cae5e858c47b78d962f82b12e754) Importer(815301076,1909f56bfc062723c751e8b465ee728b)
Start importing Assets/Prefabs/mountain.prefab using Guid(0eb7cae5e858c47b78d962f82b12e754) Importer(815301076,1909f56bfc062723c751e8b465ee728b) (PreviewImporter) -> (artifact id: '8cd829e78b6174f2dc048667a99795a0') in 0.025590256 seconds
Number of updated asset objects reloaded before import = 0Number of asset objects unloaded after import = 39

========================================================================
Received Import Request.
  Time since last request: 1.999348 seconds.
  path: Assets/Prefabs/mountain.prefab
  artifactKey: Guid(0eb7cae5e858c47b78d962f82b12e754) Importer(815301076,1909f56bfc062723c751e8b465ee728b)
Start importing Assets/Prefabs/mountain.prefab using Guid(0eb7cae5e858c47b78d962f82b12e754) Importer(815301076,1909f56bfc062723c751e8b465ee728b) (PreviewImporter) -> (artifact id: '55368bd4a10d470d11e39535a98c2561') in 0.027076638 seconds
Number of updated asset objects reloaded before import = 0Number of asset objects unloaded after import = 39

========================================================================
Received Import Request.
  Time since last request: 1.998821 seconds.
  path: Assets/Prefabs/mountain.prefab
  artifactKey: Guid(0eb7cae5e858c47b78d962f82b12e754) Importer(815301076,1909f56bfc062723c751e8b465ee728b)
Start importing Assets/Prefabs/mountain.prefab using Guid(0eb7cae5e858c47b78d962f82b12e754) Importer(815301076,1909f56bfc062723c751e8b465ee728b) (PreviewImporter) -> (artifact id: '403c3fc2fc083dece4f7c31b02533c0a') in 0.026682602 seconds
Number of updated asset objects reloaded before import = 0Number of asset objects unloaded after import = 39

========================================================================
Received Import Request.
  Time since last request: 4.431073 seconds.
  path: Assets/Prefabs/mountain.prefab
  artifactKey: Guid(0eb7cae5e858c47b78d962f82b12e754) Importer(815301076,1909f56bfc062723c751e8b465ee728b)
Start importing Assets/Prefabs/mountain.prefab using Guid(0eb7cae5e858c47b78d962f82b12e754) Importer(815301076,1909f56bfc062723c751e8b465ee728b) (PreviewImporter) -> (artifact id: 'a2c64c26eefc438547ba9260c0d882c9') in 0.02299616 seconds
Number of updated asset objects reloaded before import = 0Number of asset objects unloaded after import = 39

========================================================================
Received Import Request.
  Time since last request: 2.409924 seconds.
  path: Assets/Prefabs/mountain.prefab
  artifactKey: Guid(0eb7cae5e858c47b78d962f82b12e754) Importer(815301076,1909f56bfc062723c751e8b465ee728b)
Start importing Assets/Prefabs/mountain.prefab using Guid(0eb7cae5e858c47b78d962f82b12e754) Importer(815301076,1909f56bfc062723c751e8b465ee728b) (PreviewImporter) -> (artifact id: 'e113f517fd812a8512c5f9ca952fe4cc') in 0.027310862 seconds
Number of updated asset objects reloaded before import = 0Number of asset objects unloaded after import = 39

========================================================================
Received Import Request.
  Time since last request: 2.811482 seconds.
  path: Assets/Prefabs/mountain.prefab
  artifactKey: Guid(0eb7cae5e858c47b78d962f82b12e754) Importer(815301076,1909f56bfc062723c751e8b465ee728b)
Start importing Assets/Prefabs/mountain.prefab using Guid(0eb7cae5e858c47b78d962f82b12e754) Importer(815301076,1909f56bfc062723c751e8b465ee728b) (PreviewImporter) -> (artifact id: '057fee9310f03fdadf1ca103a3daebfb') in 0.025659081 seconds
Number of updated asset objects reloaded before import = 0Number of asset objects unloaded after import = 39

========================================================================
Received Import Request.
  Time since last request: 1.590638 seconds.
  path: Assets/Prefabs/mountain.prefab
  artifactKey: Guid(0eb7cae5e858c47b78d962f82b12e754) Importer(815301076,1909f56bfc062723c751e8b465ee728b)
Start importing Assets/Prefabs/mountain.prefab using Guid(0eb7cae5e858c47b78d962f82b12e754) Importer(815301076,1909f56bfc062723c751e8b465ee728b) (PreviewImporter) -> (artifact id: '424a80b65507e188547c8da52fc77293') in 0.023539037 seconds
Number of updated asset objects reloaded before import = 0Number of asset objects unloaded after import = 39

========================================================================
Received Import Request.
  Time since last request: 7.115481 seconds.
  path: Assets/Prefabs/mountain.prefab
  artifactKey: Guid(0eb7cae5e858c47b78d962f82b12e754) Importer(815301076,1909f56bfc062723c751e8b465ee728b)
Start importing Assets/Prefabs/mountain.prefab using Guid(0eb7cae5e858c47b78d962f82b12e754) Importer(815301076,1909f56bfc062723c751e8b465ee728b) (PreviewImporter) -> (artifact id: 'c71b2d74cf459f0b9f42fcbd5f03c243') in 0.027729386 seconds
Number of updated asset objects reloaded before import = 0Number of asset objects unloaded after import = 39

========================================================================
Received Import Request.
  Time since last request: 11.561145 seconds.
  path: Assets/Prefabs/mountain.prefab
  artifactKey: Guid(0eb7cae5e858c47b78d962f82b12e754) Importer(815301076,1909f56bfc062723c751e8b465ee728b)
Start importing Assets/Prefabs/mountain.prefab using Guid(0eb7cae5e858c47b78d962f82b12e754) Importer(815301076,1909f56bfc062723c751e8b465ee728b) (PreviewImporter) -> (artifact id: '2ccbfd20067445d1e729f54455b75595') in 0.026504337 seconds
Number of updated asset objects reloaded before import = 0Number of asset objects unloaded after import = 45

========================================================================
Received Import Request.
  Time since last request: 2.624515 seconds.
  path: Assets/Prefabs/mountain.prefab
  artifactKey: Guid(0eb7cae5e858c47b78d962f82b12e754) Importer(815301076,1909f56bfc062723c751e8b465ee728b)
Start importing Assets/Prefabs/mountain.prefab using Guid(0eb7cae5e858c47b78d962f82b12e754) Importer(815301076,1909f56bfc062723c751e8b465ee728b) (PreviewImporter) -> (artifact id: 'cf67b2dfe6c199b9ab8f43c16438861b') in 0.010093382 seconds
Number of updated asset objects reloaded before import = 0Number of asset objects unloaded after import = 45

========================================================================
Received Import Request.
  Time since last request: 2.423566 seconds.
  path: Assets/Prefabs/mountain.prefab
  artifactKey: Guid(0eb7cae5e858c47b78d962f82b12e754) Importer(815301076,1909f56bfc062723c751e8b465ee728b)
Start importing Assets/Prefabs/mountain.prefab using Guid(0eb7cae5e858c47b78d962f82b12e754) Importer(815301076,1909f56bfc062723c751e8b465ee728b) (PreviewImporter) -> (artifact id: '1af4d56c376cb99e767a90a5d01c795c') in 0.027460359 seconds
Number of updated asset objects reloaded before import = 0Number of asset objects unloaded after import = 45

========================================================================
Received Import Request.
  Time since last request: 2.009863 seconds.
  path: Assets/Prefabs/mountain.prefab
  artifactKey: Guid(0eb7cae5e858c47b78d962f82b12e754) Importer(815301076,1909f56bfc062723c751e8b465ee728b)
Start importing Assets/Prefabs/mountain.prefab using Guid(0eb7cae5e858c47b78d962f82b12e754) Importer(815301076,1909f56bfc062723c751e8b465ee728b) (PreviewImporter) -> (artifact id: '4b7f9d02d882b6b5bd2406c7e859ce46') in 0.027904611 seconds
Number of updated asset objects reloaded before import = 0Number of asset objects unloaded after import = 45

========================================================================
Received Import Request.
  Time since last request: 2.606268 seconds.
  path: Assets/Prefabs/mountain.prefab
  artifactKey: Guid(0eb7cae5e858c47b78d962f82b12e754) Importer(815301076,1909f56bfc062723c751e8b465ee728b)
Start importing Assets/Prefabs/mountain.prefab using Guid(0eb7cae5e858c47b78d962f82b12e754) Importer(815301076,1909f56bfc062723c751e8b465ee728b) (PreviewImporter) -> (artifact id: 'b65eec713f9f5dc41ba6dc7574c378f1') in 0.0239886 seconds
Number of updated asset objects reloaded before import = 0Number of asset objects unloaded after import = 45

========================================================================
Received Import Request.
  Time since last request: 1.606763 seconds.
  path: Assets/Prefabs/mountain.prefab
  artifactKey: Guid(0eb7cae5e858c47b78d962f82b12e754) Importer(815301076,1909f56bfc062723c751e8b465ee728b)
Start importing Assets/Prefabs/mountain.prefab using Guid(0eb7cae5e858c47b78d962f82b12e754) Importer(815301076,1909f56bfc062723c751e8b465ee728b) (PreviewImporter) -> (artifact id: '2c7b1d7dcf84f55ccf0eeddd82e6c144') in 0.027474383 seconds
Number of updated asset objects reloaded before import = 0Number of asset objects unloaded after import = 45

========================================================================
Received Import Request.
  Time since last request: 7.075943 seconds.
  path: Assets/Prefabs/mountain.prefab
  artifactKey: Guid(0eb7cae5e858c47b78d962f82b12e754) Importer(815301076,1909f56bfc062723c751e8b465ee728b)
Start importing Assets/Prefabs/mountain.prefab using Guid(0eb7cae5e858c47b78d962f82b12e754) Importer(815301076,1909f56bfc062723c751e8b465ee728b) (PreviewImporter) -> (artifact id: '72a095870b1e39398c8a25d08b5ce840') in 0.015212448 seconds
Number of updated asset objects reloaded before import = 0Number of asset objects unloaded after import = 45

========================================================================
Received Import Request.
  Time since last request: 8.951226 seconds.
  path: Assets/Prefabs/mountain.prefab
  artifactKey: Guid(0eb7cae5e858c47b78d962f82b12e754) Importer(815301076,1909f56bfc062723c751e8b465ee728b)
Start importing Assets/Prefabs/mountain.prefab using Guid(0eb7cae5e858c47b78d962f82b12e754) Importer(815301076,1909f56bfc062723c751e8b465ee728b) (PreviewImporter) -> (artifact id: '9eb281bd610ce9e27fcf0984dfb5e783') in 0.018028044 seconds
Number of updated asset objects reloaded before import = 0Number of asset objects unloaded after import = 45

========================================================================
Received Import Request.
  Time since last request: 24.224796 seconds.
  path: Assets/Prefabs/mountain.prefab
  artifactKey: Guid(0eb7cae5e858c47b78d962f82b12e754) Importer(815301076,1909f56bfc062723c751e8b465ee728b)
Start importing Assets/Prefabs/mountain.prefab using Guid(0eb7cae5e858c47b78d962f82b12e754) Importer(815301076,1909f56bfc062723c751e8b465ee728b) (PreviewImporter) -> (artifact id: 'fa2c53c464920394e2c12329ade78a59') in 0.02689329 seconds
Number of updated asset objects reloaded before import = 0Number of asset objects unloaded after import = 45

========================================================================
Received Import Request.
  Time since last request: 2991.978404 seconds.
  path: Assets/Prefabs/Downloaded/Pawn/CHAHIN_PAWN_TEXTURE.jpg
  artifactKey: Guid(1f61bb8c95a1844f8b2a2798ac593def) Importer(815301076,1909f56bfc062723c751e8b465ee728b)
Start importing Assets/Prefabs/Downloaded/Pawn/CHAHIN_PAWN_TEXTURE.jpg using Guid(1f61bb8c95a1844f8b2a2798ac593def) Importer(815301076,1909f56bfc062723c751e8b465ee728b) (PreviewImporter) -> (artifact id: '52f1b798263352849c6dab12bc7543c0') in 0.014960044 seconds
Number of updated asset objects reloaded before import = 0Number of asset objects unloaded after import = 2

========================================================================
Received Import Request.
  Time since last request: 71.389047 seconds.
  path: Assets/Prefabs/Downloaded/CHAHIN_PAWN.prefab
  artifactKey: Guid(5bfa61e7c364e48f99e905d0dfb2908b) Importer(815301076,1909f56bfc062723c751e8b465ee728b)
Start importing Assets/Prefabs/Downloaded/CHAHIN_PAWN.prefab using Guid(5bfa61e7c364e48f99e905d0dfb2908b) Importer(815301076,1909f56bfc062723c751e8b465ee728b) (PreviewImporter) -> (artifact id: 'b69d7b64dee29efa2e82e885d77fb02d') in 0.009013378 seconds
Number of updated asset objects reloaded before import = 0Number of asset objects unloaded after import = 18

========================================================================
Received Import Request.
  Time since last request: 97.319915 seconds.
  path: Assets/Prefabs/Downloaded/Roman Arch
  artifactKey: Guid(0e89b379c1fa14e30a013dc8c0411b72) Importer(815301076,1909f56bfc062723c751e8b465ee728b)
Start importing Assets/Prefabs/Downloaded/Roman Arch using Guid(0e89b379c1fa14e30a013dc8c0411b72) Importer(815301076,1909f56bfc062723c751e8b465ee728b) (PreviewImporter) -> (artifact id: 'd74038349a946f438b750da4f9731bc9') in 0.000599323 seconds
Number of updated asset objects reloaded before import = 0Number of asset objects unloaded after import = 0

========================================================================
Received Import Request.
  Time since last request: 2.439872 seconds.
  path: Assets/Prefabs/Downloaded/scroll
  artifactKey: Guid(14ff84e83017b4d2ea9dd1149fe2a909) Importer(815301076,1909f56bfc062723c751e8b465ee728b)
Start importing Assets/Prefabs/Downloaded/scroll using Guid(14ff84e83017b4d2ea9dd1149fe2a909) Importer(815301076,1909f56bfc062723c751e8b465ee728b) (PreviewImporter) -> (artifact id: '418ddbb0020be482b86de4621a28eb7d') in 0.00071037 seconds
Number of updated asset objects reloaded before import = 0Number of asset objects unloaded after import = 0

========================================================================
Received Import Request.
  Time since last request: 4.808607 seconds.
  path: Assets/Prefabs/Downloaded/Roman Arch/roman arch texture.png
  artifactKey: Guid(d6e18f1e5ea4546b491c85727171c12c) Importer(815301076,1909f56bfc062723c751e8b465ee728b)
Start importing Assets/Prefabs/Downloaded/Roman Arch/roman arch texture.png using Guid(d6e18f1e5ea4546b491c85727171c12c) Importer(815301076,1909f56bfc062723c751e8b465ee728b) (PreviewImporter) -> (artifact id: '88446b6c9387aeaee3cf31b1e5237680') in 0.008877376 seconds
Number of updated asset objects reloaded before import = 0Number of asset objects unloaded after import = 2

========================================================================
Received Import Request.
  Time since last request: 148.644044 seconds.
  path: Assets/Prefabs/Downloaded/Bird
  artifactKey: Guid(40a2f7eeed7d3454b8e7773212cb0daf) Importer(815301076,1909f56bfc062723c751e8b465ee728b)
Start importing Assets/Prefabs/Downloaded/Bird using Guid(40a2f7eeed7d3454b8e7773212cb0daf) Importer(815301076,1909f56bfc062723c751e8b465ee728b) (PreviewImporter) -> (artifact id: 'd5c6a136399cefecd3628f3d442aef9c') in 0.000873742 seconds
Number of updated asset objects reloaded before import = 0Number of asset objects unloaded after import = 0

========================================================================
Received Import Request.
  Time since last request: 37.617544 seconds.
  path: Assets/Prefabs/Downloaded/Bird_01(1).prefab
  artifactKey: Guid(6d25ab2c647f245c5abbe19afbf9f4b7) Importer(815301076,1909f56bfc062723c751e8b465ee728b)
Start importing Assets/Prefabs/Downloaded/Bird_01(1).prefab using Guid(6d25ab2c647f245c5abbe19afbf9f4b7) Importer(815301076,1909f56bfc062723c751e8b465ee728b) (PreviewImporter) -> (artifact id: 'f63c1856b39dd9a91a750150ab63a501') in 0.008460649 seconds
Number of updated asset objects reloaded before import = 0Number of asset objects unloaded after import = 17

========================================================================
Received Import Request.
  Time since last request: 16.965382 seconds.
  path: Assets/Prefabs/Downloaded/roman legionnaire grunt
  artifactKey: Guid(019b63e1162ec4a168f300e479921b9e) Importer(815301076,1909f56bfc062723c751e8b465ee728b)
Start importing Assets/Prefabs/Downloaded/roman legionnaire grunt using Guid(019b63e1162ec4a168f300e479921b9e) Importer(815301076,1909f56bfc062723c751e8b465ee728b) (PreviewImporter) -> (artifact id: '91cd4805aee04c8371d3d8739f6148e9') in 0.00056465 seconds
Number of updated asset objects reloaded before import = 0Number of asset objects unloaded after import = 0

========================================================================
Received Import Request.
  Time since last request: 297.610908 seconds.
  path: Assets/Materials/Solid Colors/BlueDark_mat.mat
  artifactKey: Guid(8154bf65343b246e0b24be5e6eb86d27) Importer(815301076,1909f56bfc062723c751e8b465ee728b)
Start importing Assets/Materials/Solid Colors/BlueDark_mat.mat using Guid(8154bf65343b246e0b24be5e6eb86d27) Importer(815301076,1909f56bfc062723c751e8b465ee728b) (PreviewImporter) -> (artifact id: '8cd8c5c7e74e61c7a37eff666174a7d1') in 0.023450895 seconds
Number of updated asset objects reloaded before import = 0Number of asset objects unloaded after import = 1

========================================================================
Received Import Request.
  Time since last request: 171.691264 seconds.
  path: Assets/Prefabs/Downloaded/dice set/scene.mtl
  artifactKey: Guid(3581c5cd61d764d68bcca5573c6b62da) Importer(815301076,1909f56bfc062723c751e8b465ee728b)
Start importing Assets/Prefabs/Downloaded/dice set/scene.mtl using Guid(3581c5cd61d764d68bcca5573c6b62da) Importer(815301076,1909f56bfc062723c751e8b465ee728b) (PreviewImporter) -> (artifact id: '6b396c36881cf90e5f70a7ed17eb5024') in 0.000935322 seconds
Number of updated asset objects reloaded before import = 0Number of asset objects unloaded after import = 1

========================================================================
Received Import Request.
  Time since last request: 343.204073 seconds.
  path: Assets/Scenes/New Scene.unity
  artifactKey: Guid(4d89d15fa74a34d619a5ef92ec5923c4) Importer(815301076,1909f56bfc062723c751e8b465ee728b)
Start importing Assets/Scenes/New Scene.unity using Guid(4d89d15fa74a34d619a5ef92ec5923c4) Importer(815301076,1909f56bfc062723c751e8b465ee728b) (PreviewImporter) -> (artifact id: 'a219d18380d31eba8497ffb51e1209f0') in 0.002893513 seconds
Number of updated asset objects reloaded before import = 0Number of asset objects unloaded after import = 0

========================================================================
Received Import Request.
  Time since last request: 5365.875448 seconds.
  path: Assets/Prefabs/Downloaded/Dice_Textured.fbx
  artifactKey: Guid(fd0e3de7bfab34a67a49d549eafaa62f) Importer(815301076,1909f56bfc062723c751e8b465ee728b)
Start importing Assets/Prefabs/Downloaded/Dice_Textured.fbx using Guid(fd0e3de7bfab34a67a49d549eafaa62f) Importer(815301076,1909f56bfc062723c751e8b465ee728b) (PreviewImporter) -> (artifact id: '7f13fd5cbd7779b6b9f037e8e75ca58e') in 0.053968925 seconds
Number of updated asset objects reloaded before import = 0Number of asset objects unloaded after import = 8

========================================================================
Received Import Request.
  Time since last request: 92.252650 seconds.
  path: Assets/Prefabs/Downloaded/dice set.glb
  artifactKey: Guid(de6e2606e351d478581d7392cf41b26f) Importer(815301076,1909f56bfc062723c751e8b465ee728b)
Start importing Assets/Prefabs/Downloaded/dice set.glb using Guid(de6e2606e351d478581d7392cf41b26f) Importer(815301076,1909f56bfc062723c751e8b465ee728b) (PreviewImporter) -> (artifact id: '1a4664845cd45ec2a0553db3fa53e5c0') in 0.001351213 seconds
Number of updated asset objects reloaded before import = 0Number of asset objects unloaded after import = 1

========================================================================
Received Import Request.
  Time since last request: 182.582317 seconds.
  path: Assets/Prefabs/Downloaded/Pawn/Dice_Textured.prefab
  artifactKey: Guid(8235a185ff43b43ef966b325cefe40ea) Importer(815301076,1909f56bfc062723c751e8b465ee728b)
Start importing Assets/Prefabs/Downloaded/Pawn/Dice_Textured.prefab using Guid(8235a185ff43b43ef966b325cefe40ea) Importer(815301076,1909f56bfc062723c751e8b465ee728b) (PreviewImporter) -> (artifact id: '7598553fb10c52b25e42c6b8d74db644') in 0.010450219 seconds
Number of updated asset objects reloaded before import = 0Number of asset objects unloaded after import = 13

========================================================================
Received Import Request.
  Time since last request: 15.020894 seconds.
  path: Assets/Prefabs/Downloaded/Dice_Textured.prefab
  artifactKey: Guid(5d17d3df2b2164148bd96e78cbbea124) Importer(815301076,1909f56bfc062723c751e8b465ee728b)
Start importing Assets/Prefabs/Downloaded/Dice_Textured.prefab using Guid(5d17d3df2b2164148bd96e78cbbea124) Importer(815301076,1909f56bfc062723c751e8b465ee728b) (PreviewImporter) -> (artifact id: '1305bcd4b50a6ae726ebd5f8f0e73e7b') in 0.008461887 seconds
Number of updated asset objects reloaded before import = 0Number of asset objects unloaded after import = 13

========================================================================
Received Import Request.
  Time since last request: 49.281653 seconds.
  path: Assets/Prefabs/Downloaded/New Material.mat
  artifactKey: Guid(6de35828b26f04d7e8379ececf901da3) Importer(815301076,1909f56bfc062723c751e8b465ee728b)
Start importing Assets/Prefabs/Downloaded/New Material.mat using Guid(6de35828b26f04d7e8379ececf901da3) Importer(815301076,1909f56bfc062723c751e8b465ee728b) (PreviewImporter) -> (artifact id: '7bf51592d06425bbc164e398a3f7faca') in 0.008821468 seconds
Number of updated asset objects reloaded before import = 0Number of asset objects unloaded after import = 1

========================================================================
Received Import Request.
  Time since last request: 1365.670947 seconds.
  path: Assets/Prefabs/Downloaded/Dice_Textured 1.fbx
  artifactKey: Guid(9a19177057f4a4ce897790617a968ccb) Importer(815301076,1909f56bfc062723c751e8b465ee728b)
Start importing Assets/Prefabs/Downloaded/Dice_Textured 1.fbx using Guid(9a19177057f4a4ce897790617a968ccb) Importer(815301076,1909f56bfc062723c751e8b465ee728b) (PreviewImporter) -> (artifact id: 'bcc0fd74a422f61915bda10f707f3bd7') in 0.032136722 seconds
Number of updated asset objects reloaded before import = 0Number of asset objects unloaded after import = 8

========================================================================
Received Import Request.
  Time since last request: 401.538092 seconds.
  path: Assets/Prefabs/Downloaded/Dice_Textured 2.fbx
  artifactKey: Guid(f5104de33014b4731b76bb3aa9771e1f) Importer(815301076,1909f56bfc062723c751e8b465ee728b)
Start importing Assets/Prefabs/Downloaded/Dice_Textured 2.fbx using Guid(f5104de33014b4731b76bb3aa9771e1f) Importer(815301076,1909f56bfc062723c751e8b465ee728b) (PreviewImporter) -> (artifact id: '8b1825ff92582c315fb646ee9094754a') in 0.027492513 seconds
Number of updated asset objects reloaded before import = 0Number of asset objects unloaded after import = 8

========================================================================
Received Import Request.
  Time since last request: 171.787930 seconds.
  path: Assets/Prefabs/Downloaded/Dice_Textured 3.fbx
  artifactKey: Guid(6c7b9661ea478483a99f598602fb2cec) Importer(815301076,1909f56bfc062723c751e8b465ee728b)
Start importing Assets/Prefabs/Downloaded/Dice_Textured 3.fbx using Guid(6c7b9661ea478483a99f598602fb2cec) Importer(815301076,1909f56bfc062723c751e8b465ee728b) (PreviewImporter) -> (artifact id: '6fbcbdc9aebddf4027a6a3ed937e4d66') in 0.025715131 seconds
Number of updated asset objects reloaded before import = 0Number of asset objects unloaded after import = 8

========================================================================
Received Import Request.
  Time since last request: 102.042895 seconds.
  path: Assets/Prefabs/Downloaded/Custom_Dice_Textured.fbx
  artifactKey: Guid(e6c51a7e6523e4e0a98714cb187218ee) Importer(815301076,1909f56bfc062723c751e8b465ee728b)
Start importing Assets/Prefabs/Downloaded/Custom_Dice_Textured.fbx using Guid(e6c51a7e6523e4e0a98714cb187218ee) Importer(815301076,1909f56bfc062723c751e8b465ee728b) (PreviewImporter) -> (artifact id: '8dc0efbe83939408aab17fbd8557e03f') in 0.031046618 seconds
Number of updated asset objects reloaded before import = 0Number of asset objects unloaded after import = 8

========================================================================
Received Import Request.
  Time since last request: 231.404065 seconds.
  path: Assets/Prefabs/Downloaded/Dice_Textured.prefab
  artifactKey: Guid(5d17d3df2b2164148bd96e78cbbea124) Importer(815301076,1909f56bfc062723c751e8b465ee728b)
Start importing Assets/Prefabs/Downloaded/Dice_Textured.prefab using Guid(5d17d3df2b2164148bd96e78cbbea124) Importer(815301076,1909f56bfc062723c751e8b465ee728b) (PreviewImporter) -> (artifact id: 'a658ad7c9e4f87eea1d86cc9c0207683') in 0.002250609 seconds
Number of updated asset objects reloaded before import = 0Number of asset objects unloaded after import = 6

========================================================================
Received Import Request.
  Time since last request: 10.900774 seconds.
  path: Assets/Prefabs/Downloaded/Dice_Textured.glb
  artifactKey: Guid(bc0ed4bd1f07f455e8ba9c16a593c5f2) Importer(815301076,1909f56bfc062723c751e8b465ee728b)
Start importing Assets/Prefabs/Downloaded/Dice_Textured.glb using Guid(bc0ed4bd1f07f455e8ba9c16a593c5f2) Importer(815301076,1909f56bfc062723c751e8b465ee728b) (PreviewImporter) -> (artifact id: 'a78128303594bb178e67e0a2f5c62c84') in 0.001002656 seconds
Number of updated asset objects reloaded before import = 0Number of asset objects unloaded after import = 1

========================================================================
Received Import Request.
  Time since last request: 42.853611 seconds.
  path: Assets/Prefabs/Downloaded/Custom_Dice_Textured 1.fbx
  artifactKey: Guid(8f58515d88c6a4149ac5daec8fa9d53c) Importer(815301076,1909f56bfc062723c751e8b465ee728b)
Start importing Assets/Prefabs/Downloaded/Custom_Dice_Textured 1.fbx using Guid(8f58515d88c6a4149ac5daec8fa9d53c) Importer(815301076,1909f56bfc062723c751e8b465ee728b) (PreviewImporter) -> (artifact id: 'c78a49593551bbe8c65064cace75766a') in 0.025795945 seconds
Number of updated asset objects reloaded before import = 0Number of asset objects unloaded after import = 8

========================================================================
Received Import Request.
  Time since last request: 193.234193 seconds.
  path: Assets/Prefabs/Downloaded/Custom_Dice_Textured_spec.fbx
  artifactKey: Guid(b5c36e0ed904e4361861db7d6fe6edfe) Importer(815301076,1909f56bfc062723c751e8b465ee728b)
Start importing Assets/Prefabs/Downloaded/Custom_Dice_Textured_spec.fbx using Guid(b5c36e0ed904e4361861db7d6fe6edfe) Importer(815301076,1909f56bfc062723c751e8b465ee728b) (PreviewImporter) -> (artifact id: '38c3ac78bd9decd3df0bee754149ddd6') in 0.023040157 seconds
Number of updated asset objects reloaded before import = 0Number of asset objects unloaded after import = 8

========================================================================
Received Import Request.
  Time since last request: 142.014446 seconds.
  path: Assets/Prefabs/Downloaded/Custom_Dice_Textured_spec.prefab
  artifactKey: Guid(879bcf0cba4b94ac0a443a480b92dc58) Importer(815301076,1909f56bfc062723c751e8b465ee728b)
Start importing Assets/Prefabs/Downloaded/Custom_Dice_Textured_spec.prefab using Guid(879bcf0cba4b94ac0a443a480b92dc58) Importer(815301076,1909f56bfc062723c751e8b465ee728b) (PreviewImporter) -> (artifact id: '49c5e317eb2a306d65cd15097207ef66') in 0.009373073 seconds
Number of updated asset objects reloaded before import = 0Number of asset objects unloaded after import = 13

========================================================================
Received Import Request.
  Time since last request: 53.180802 seconds.
  path: Assets/Prefabs/Downloaded/Custom_Dice_Textured_spec.fbx
  artifactKey: Guid(b5c36e0ed904e4361861db7d6fe6edfe) Importer(815301076,1909f56bfc062723c751e8b465ee728b)
Start importing Assets/Prefabs/Downloaded/Custom_Dice_Textured_spec.fbx using Guid(b5c36e0ed904e4361861db7d6fe6edfe) Importer(815301076,1909f56bfc062723c751e8b465ee728b) (PreviewImporter) -> (artifact id: 'c3aed75f197d1335a8d406887600b6b6') in 0.015849164 seconds
Number of updated asset objects reloaded before import = 0Number of asset objects unloaded after import = 8

========================================================================
Received Import Request.
  Time since last request: 0.034929 seconds.
  path: Assets/Prefabs/Downloaded/Custom_Dice_Textured_spec.prefab
  artifactKey: Guid(879bcf0cba4b94ac0a443a480b92dc58) Importer(815301076,1909f56bfc062723c751e8b465ee728b)
Start importing Assets/Prefabs/Downloaded/Custom_Dice_Textured_spec.prefab using Guid(879bcf0cba4b94ac0a443a480b92dc58) Importer(815301076,1909f56bfc062723c751e8b465ee728b) (PreviewImporter) -> (artifact id: 'b83f9ae0dd6ee000f260b9ca66ee3b52') in 0.016576444 seconds
Number of updated asset objects reloaded before import = 0Number of asset objects unloaded after import = 7

========================================================================
Received Import Request.
  Time since last request: 33.813763 seconds.
  path: Assets/Materials/d12.mat
  artifactKey: Guid(583fa04a6e4d543f7baa78552f08c1ed) Importer(815301076,1909f56bfc062723c751e8b465ee728b)
Start importing Assets/Materials/d12.mat using Guid(583fa04a6e4d543f7baa78552f08c1ed) Importer(815301076,1909f56bfc062723c751e8b465ee728b) (PreviewImporter) -> (artifact id: '79f3010cc07ce78aeb43a3d02118f6bf') in 0.009249348 seconds
Number of updated asset objects reloaded before import = 0Number of asset objects unloaded after import = 1

========================================================================
Received Import Request.
  Time since last request: 213.478387 seconds.
  path: Assets/Prefabs/Downloaded/Custom_Dice_Textured_spec.fbx
  artifactKey: Guid(b5c36e0ed904e4361861db7d6fe6edfe) Importer(815301076,1909f56bfc062723c751e8b465ee728b)
Start importing Assets/Prefabs/Downloaded/Custom_Dice_Textured_spec.fbx using Guid(b5c36e0ed904e4361861db7d6fe6edfe) Importer(815301076,1909f56bfc062723c751e8b465ee728b) (PreviewImporter) -> (artifact id: 'f4eeafbd42fa9096e6fc671ca8222471') in 0.019553632 seconds
Number of updated asset objects reloaded before import = 0Number of asset objects unloaded after import = 8

========================================================================
Received Import Request.
  Time since last request: 0.022578 seconds.
  path: Assets/Prefabs/Downloaded/Custom_Dice_Textured.fbx
  artifactKey: Guid(e6c51a7e6523e4e0a98714cb187218ee) Importer(815301076,1909f56bfc062723c751e8b465ee728b)
Start importing Assets/Prefabs/Downloaded/Custom_Dice_Textured.fbx using Guid(e6c51a7e6523e4e0a98714cb187218ee) Importer(815301076,1909f56bfc062723c751e8b465ee728b) (PreviewImporter) -> (artifact id: 'ef75266e0cef798b7b0e2da83ebce058') in 0.033048783 seconds
Number of updated asset objects reloaded before import = 0Number of asset objects unloaded after import = 9

========================================================================
Received Import Request.
  Time since last request: 4.881787 seconds.
  path: Assets/Textures
  artifactKey: Guid(41577fa032a11486099a3511c280a561) Importer(815301076,1909f56bfc062723c751e8b465ee728b)
Start importing Assets/Textures using Guid(41577fa032a11486099a3511c280a561) Importer(815301076,1909f56bfc062723c751e8b465ee728b) (PreviewImporter) -> (artifact id: '86124fdb33dc44749cf7460bcc3d35e8') in 0.001165352 seconds
Number of updated asset objects reloaded before import = 0Number of asset objects unloaded after import = 0

========================================================================
Received Import Request.
  Time since last request: 0.094077 seconds.
  path: Assets/Textures/d12_custom_rome_die.png
  artifactKey: Guid(ef22530dda2f64aa7a88f5dee4530c88) Importer(815301076,1909f56bfc062723c751e8b465ee728b)
Start importing Assets/Textures/d12_custom_rome_die.png using Guid(ef22530dda2f64aa7a88f5dee4530c88) Importer(815301076,1909f56bfc062723c751e8b465ee728b) (PreviewImporter) -> (artifact id: '4e4555681f73339316278d8d6d2352d3') in 0.008068533 seconds
Number of updated asset objects reloaded before import = 0Number of asset objects unloaded after import = 2

========================================================================
Received Import Request.
  Time since last request: 83.883427 seconds.
  path: Assets/Prefabs/Downloaded/Custom_Dice_Textured.prefab
  artifactKey: Guid(86e3b2552c0f94ce1835645d0e4a63bb) Importer(815301076,1909f56bfc062723c751e8b465ee728b)
Start importing Assets/Prefabs/Downloaded/Custom_Dice_Textured.prefab using Guid(86e3b2552c0f94ce1835645d0e4a63bb) Importer(815301076,1909f56bfc062723c751e8b465ee728b) (PreviewImporter) -> (artifact id: '14f8ac726e9f3ddc29d8f22d0547c1bc') in 0.023810813 seconds
Number of updated asset objects reloaded before import = 0Number of asset objects unloaded after import = 16

========================================================================
Received Import Request.
  Time since last request: 22.892555 seconds.
  path: Assets/Materials/Solid Colors/BlueDark_mat.mat
  artifactKey: Guid(8154bf65343b246e0b24be5e6eb86d27) Importer(815301076,1909f56bfc062723c751e8b465ee728b)
Start importing Assets/Materials/Solid Colors/BlueDark_mat.mat using Guid(8154bf65343b246e0b24be5e6eb86d27) Importer(815301076,1909f56bfc062723c751e8b465ee728b) (PreviewImporter) -> (artifact id: '9b3557013b073db0aef762365e2358d8') in 0.008143969 seconds
Number of updated asset objects reloaded before import = 0Number of asset objects unloaded after import = 1

